\BOOKMARK [0][-]{section*.1}{\376\377\000A\000b\000s\000t\000r\000a\000c\000t}{}% 1
\BOOKMARK [0][-]{section*.2}{\376\377\000A\000c\000k\000n\000o\000w\000l\000e\000d\000g\000e\000m\000e\000n\000t\000s}{}% 2
\BOOKMARK [0][-]{chapter.7}{\376\377\000I\000n\000t\000r\000o\000d\000u\000c\000t\000i\000o\000n}{}% 3
\BOOKMARK [1][-]{section.8}{\376\377\000T\000o\000o\000\040\000M\000a\000n\000y\000\040\000S\000t\000r\000i\000c\000t\000n\000e\000s\000s\000\040\000A\000n\000n\000o\000t\000a\000t\000i\000o\000n\000s\000\040\000I\000n\000\040\000O\000p\000t\000i\000m\000i\000z\000e\000d\000\040\000P\000r\000o\000g\000r\000a\000m\000s}{chapter.7}% 4
\BOOKMARK [1][-]{section.9}{\376\377\000M\000y\000\040\000T\000h\000e\000s\000i\000s}{chapter.7}% 5
\BOOKMARK [1][-]{section.10}{\376\377\000L\000a\000z\000y\000\040\000E\000v\000a\000l\000u\000a\000t\000i\000o\000n}{chapter.7}% 6
\BOOKMARK [1][-]{section.11}{\376\377\000A\000u\000t\000o\000b\000a\000h\000n\000\040\0001\000.\0000}{chapter.7}% 7
\BOOKMARK [1][-]{section.12}{\376\377\000A\000u\000t\000o\000b\000a\000h\000n\000\040\0002\000.\0000}{chapter.7}% 8
\BOOKMARK [0][-]{chapter.13}{\376\377\000B\000a\000c\000k\000g\000r\000o\000u\000n\000d}{}% 9
\BOOKMARK [1][-]{section.14}{\376\377\000G\000H\000C\000\040\000P\000r\000o\000f\000i\000l\000i\000n\000g\000\040\000a\000n\000d\000\040\000C\000o\000s\000t\000\040\000C\000e\000n\000t\000e\000r\000s}{chapter.13}% 10
\BOOKMARK [1][-]{section.15}{\376\377\000G\000e\000n\000e\000s\000\040\000a\000n\000d\000\040\000C\000h\000r\000o\000m\000o\000s\000o\000m\000e\000s}{chapter.13}% 11
\BOOKMARK [1][-]{section.16}{\376\377\000A\000u\000t\000o\000b\000a\000h\000n\000\040\0001\000.\0000\000'\000s\000\040\000G\000e\000n\000e\000t\000i\000c\000\040\000A\000l\000g\000o\000r\000i\000t\000h\000m}{chapter.13}% 12
\BOOKMARK [1][-]{section.17}{\376\377\000O\000p\000t\000i\000m\000i\000z\000a\000t\000i\000o\000n\000\040\000C\000o\000v\000e\000r\000a\000g\000e}{chapter.13}% 13
\BOOKMARK [1][-]{section.18}{\376\377\000R\000e\000p\000r\000e\000s\000e\000n\000t\000a\000t\000i\000v\000e\000\040\000I\000n\000p\000u\000t}{chapter.13}% 14
\BOOKMARK [0][-]{chapter.19}{\376\377\000A\000u\000t\000o\000b\000a\000h\000n\000\040\0002\000.\0000}{}% 15
\BOOKMARK [1][-]{section.20}{\376\377\000W\000h\000y\000\040\000T\000o\000o\000\040\000M\000a\000n\000y\000\040\000B\000a\000n\000g\000s\000\040\000A\000r\000e\000\040\000G\000e\000n\000e\000r\000a\000t\000e\000d}{chapter.19}% 16
\BOOKMARK [1][-]{section.24}{\376\377\000T\000h\000e\000\040\000S\000o\000l\000u\000t\000i\000o\000n}{chapter.19}% 17
\BOOKMARK [2][-]{subsection.25}{\376\377\000I\000d\000e\000n\000t\000i\000f\000y\000i\000n\000g\000\040\000B\000a\000n\000g\000\040\000C\000a\000t\000e\000g\000o\000r\000i\000e\000s}{section.24}% 18
\BOOKMARK [2][-]{subsection.26}{\376\377\000A\000u\000t\000o\000b\000a\000h\000n\000\040\0002\000.\0000\000'\000s\000\040\000P\000h\000a\000s\000e\000s}{section.24}% 19
\BOOKMARK [1][-]{section.28}{\376\377\000P\000r\000e\000-\000s\000e\000a\000r\000c\000h\000\040\000P\000r\000o\000f\000i\000l\000i\000n\000g}{chapter.19}% 20
\BOOKMARK [1][-]{section.29}{\376\377\000P\000o\000s\000t\000-\000s\000e\000a\000r\000c\000h\000\040\000B\000a\000n\000g\000\040\000E\000l\000i\000m\000i\000n\000a\000t\000i\000o\000n}{chapter.19}% 21
\BOOKMARK [1][-]{section.30}{\376\377\000R\000e\000p\000r\000e\000s\000e\000n\000t\000a\000t\000i\000v\000e\000\040\000I\000n\000p\000u\000t}{chapter.19}% 22
\BOOKMARK [0][-]{chapter.31}{\376\377\000I\000m\000p\000l\000e\000m\000e\000n\000t\000a\000t\000i\000o\000n}{}% 23
\BOOKMARK [1][-]{section.32}{\376\377\000P\000r\000o\000g\000r\000a\000m\000\040\000A\000r\000c\000h\000i\000t\000e\000c\000t\000u\000r\000e}{chapter.31}% 24
\BOOKMARK [1][-]{section.33}{\376\377\000R\000u\000n\000n\000i\000n\000g\000\040\000A\000u\000t\000o\000b\000a\000h\000n\000\040\0002\000.\0000}{chapter.31}% 25
\BOOKMARK [2][-]{subsection.35}{\376\377\000C\000h\000o\000o\000s\000i\000n\000g\000\040\000C\000o\000n\000f\000i\000g\000u\000r\000a\000t\000i\000o\000n\000\040\000P\000a\000r\000a\000m\000e\000t\000e\000r\000s}{section.33}% 26
\BOOKMARK [2][-]{subsection.36}{\376\377\000A\000u\000t\000o\000b\000a\000h\000n\000\040\0002\000.\0000\000\040\000O\000u\000t\000p\000u\000t}{section.33}% 27
\BOOKMARK [1][-]{section.37}{\376\377\000S\000o\000u\000r\000c\000e\000\040\000L\000o\000c\000a\000t\000i\000o\000n\000s}{chapter.31}% 28
\BOOKMARK [1][-]{section.38}{\376\377\000R\000e\000m\000o\000v\000i\000n\000g\000\040\000I\000l\000l\000e\000g\000a\000l\000\040\000G\000e\000n\000e\000s}{chapter.31}% 29
\BOOKMARK [0][-]{chapter.39}{\376\377\000E\000v\000a\000l\000u\000a\000t\000i\000o\000n}{}% 30
\BOOKMARK [1][-]{section.40}{\376\377\000E\000x\000p\000e\000r\000i\000m\000e\000n\000t\000a\000l\000\040\000S\000e\000t\000u\000p}{chapter.39}% 31
\BOOKMARK [2][-]{subsection.41}{\376\377\000R\000u\000n\000t\000i\000m\000e\000\040\000P\000e\000r\000f\000o\000r\000m\000a\000n\000c\000e\000\040\000R\000a\000t\000i\000o}{section.40}% 32
\BOOKMARK [2][-]{subsection.42}{\376\377\000S\000u\000c\000c\000e\000s\000s\000e\000s\000\040\000a\000n\000d\000\040\000F\000a\000i\000l\000s}{section.40}% 33
\BOOKMARK [2][-]{subsection.43}{\376\377\000A\000p\000p\000r\000o\000a\000c\000h}{section.40}% 34
\BOOKMARK [1][-]{section.45}{\376\377\000P\000r\000e\000-\000s\000e\000a\000r\000c\000h\000\040\000S\000e\000a\000r\000c\000h\000\040\000S\000p\000a\000c\000e\000\040\000R\000e\000d\000u\000c\000t\000i\000o\000n}{chapter.39}% 35
\BOOKMARK [1][-]{section.48}{\376\377\000P\000r\000e\000-\000s\000e\000a\000r\000c\000h\000\040\000F\000i\000l\000e\000\040\000E\000l\000i\000m\000i\000n\000a\000t\000i\000o\000n}{chapter.39}% 36
\BOOKMARK [1][-]{section.49}{\376\377\000P\000r\000e\000-\000s\000e\000a\000r\000c\000h\000\040\000F\000i\000l\000e\000\040\000A\000d\000d\000i\000t\000i\000o\000n}{chapter.39}% 37
\BOOKMARK [1][-]{section.51}{\376\377\000P\000o\000s\000t\000-\000s\000e\000a\000r\000c\000h\000\040\000B\000a\000n\000g\000\040\000R\000e\000d\000u\000c\000t\000i\000o\000n}{chapter.39}% 38
\BOOKMARK [1][-]{section.57}{\376\377\000A\000u\000t\000o\000b\000a\000h\000n\000\040\0002\000.\0000\000:\000\040\000C\000o\000m\000b\000i\000n\000i\000n\000g\000\040\000p\000r\000e\000-\000s\000e\000a\000r\000c\000h\000\040\000a\000n\000d\000\040\000p\000o\000s\000t\000-\000s\000e\000a\000r\000c\000h}{chapter.39}% 39
\BOOKMARK [2][-]{subsection.63}{\376\377\000R\000u\000n\000t\000i\000m\000e\000\040\000v\000s\000.\000\040\000m\000e\000m\000o\000r\000y\000\040\000a\000l\000l\000o\000c\000a\000t\000i\000o\000n\000s\000\040\000a\000s\000\040\000p\000r\000o\000f\000i\000l\000i\000n\000g\000\040\000m\000e\000t\000r\000i\000c}{section.57}% 40
\BOOKMARK [1][-]{section.69}{\376\377\000C\000a\000s\000e\000\040\000S\000t\000u\000d\000y\000:\000\040\000A\000u\000t\000o\000b\000a\000h\000n\000\040\0002\000.\0000\000\040\000O\000n\000\040\000g\000c\000S\000i\000m\000u\000l\000a\000t\000o\000r}{chapter.39}% 41
\BOOKMARK [0][-]{chapter.71}{\376\377\000R\000e\000l\000a\000t\000e\000d\000\040\000W\000o\000r\000k\000\040\000a\000n\000d\000\040\000F\000u\000t\000u\000r\000e\000\040\000W\000o\000r\000k}{}% 42
\BOOKMARK [1][-]{section.72}{\376\377\000A\000u\000t\000o\000b\000a\000h\000n\000\040\0001\000.\0000\000\040\000a\000n\000d\000\040\000O\000t\000h\000e\000r\000\040\000M\000e\000t\000h\000o\000d\000s\000\040\000o\000f\000\040\000M\000a\000n\000a\000g\000i\000n\000g\000\040\000L\000a\000z\000i\000n\000e\000s\000s}{chapter.71}% 43
\BOOKMARK [1][-]{section.73}{\376\377\000A\000u\000t\000o\000b\000a\000h\000n\000\040\0002\000.\0000\000\040\000I\000m\000p\000r\000o\000v\000e\000m\000e\000n\000t\000s}{chapter.71}% 44
\BOOKMARK [0][-]{chapter.74}{\376\377\000C\000o\000n\000c\000l\000u\000s\000i\000o\000n}{}% 45
\BOOKMARK [1][-]{section.75}{\376\377\000C\000o\000n\000c\000l\000u\000s\000i\000o\000n}{chapter.74}% 46
